2026-02-01 16:58:11,550 - root - INFO - Logging initialized.
2026-02-01 16:58:31,872 - root - INFO - Logging initialized.
2026-02-01 16:58:33,770 - root - INFO - Launching submodule: MissionBuilder.py
2026-02-01 17:11:51,984 - root - INFO - Logging initialized.
2026-02-01 17:11:53,003 - root - INFO - Launching submodule: MissionBuilder.py
2026-02-01 17:13:19,618 - root - INFO - Launching submodule: GameCompanion.py
2026-02-02 07:57:14,413 - root - INFO - Logging initialized.
2026-02-02 07:57:16,120 - root - INFO - Launching submodule: ArmeeBuilder.py
2026-02-02 08:06:15,222 - root - INFO - Logging initialized.
2026-02-02 08:06:21,413 - root - INFO - Launching submodule: ArmeeBuilder.py
2026-02-02 08:34:48,301 - root - INFO - Logging initialized.
2026-02-02 08:34:49,970 - root - INFO - Launching submodule: ArmeeBuilder.py
2026-02-02 08:35:49,260 - root - INFO - Logging initialized.
2026-02-02 08:35:51,011 - root - INFO - Launching submodule: CustomUnitCreator.py
2026-02-02 08:38:26,959 - root - INFO - Launching submodule: ArmeeBuilder.py
2026-02-02 08:40:50,522 - root - INFO - Launching submodule: MissionBuilder.py
2026-02-02 08:43:08,395 - root - INFO - Launching submodule: GameCompanion.py
2026-02-02 09:33:06,871 - root - INFO - Logging initialized.
2026-02-02 09:33:09,467 - root - INFO - Launching submodule: CustomFactoryMenu.py
2026-02-02 09:33:58,228 - root - INFO - Launching submodule: CustomFactoryMenu.py
2026-02-02 09:35:27,503 - root - INFO - Launching submodule: MissionBuilder.py
2026-02-02 10:10:37,923 - root - INFO - Logging initialized.
2026-02-02 10:10:39,078 - root - INFO - Launching submodule: CustomFactoryMenu.py
2026-02-02 10:12:42,294 - root - INFO - Launching submodule: GameCompanion.py
2026-02-02 10:12:44,785 - root - INFO - Launching submodule: MissionBuilder.py
2026-02-02 10:13:16,265 - root - INFO - Launching submodule: CustomFactoryMenu.py
2026-02-02 10:13:25,694 - root - INFO - Launching submodule: MissionBuilder.py
2026-02-02 10:18:05,977 - root - INFO - Logging initialized.
2026-02-02 10:26:06,783 - root - INFO - Logging initialized.
2026-02-02 10:26:08,748 - root - INFO - Launching submodule: CustomFactoryMenu.py
2026-02-02 10:27:20,328 - root - INFO - Launching submodule: MissionBuilder.py
2026-02-02 10:27:23,721 - root - INFO - Launching submodule: MissionBuilder.py
2026-02-02 10:27:27,100 - root - INFO - Launching submodule: CustomFactoryMenu.py
2026-02-02 10:27:29,039 - root - INFO - Launching submodule: ArmeeBuilder.py
2026-02-02 10:27:58,324 - root - INFO - Launching submodule: GameCompanion.py
2026-02-02 10:30:05,910 - root - INFO - Launching submodule: MissionBuilder.py
2026-02-02 10:31:35,285 - root - INFO - Logging initialized.
2026-02-02 10:35:31,467 - root - INFO - Logging initialized.
2026-02-02 10:35:33,249 - root - INFO - Launching submodule: MissionBuilder.py
2026-02-02 10:35:45,279 - root - INFO - Launching submodule: MissionBuilder.py
2026-02-02 10:35:46,984 - root - INFO - Launching submodule: GameCompanion.py
2026-02-02 10:38:29,581 - root - INFO - Logging initialized.
2026-02-02 10:38:31,357 - root - INFO - Launching submodule: MissionBuilder.py
2026-02-02 10:44:40,112 - root - INFO - Launching submodule: CustomFactoryMenu.py
2026-02-02 10:44:48,969 - root - INFO - Launching submodule: MissionBuilder.py
2026-02-02 10:46:15,240 - root - INFO - Launching submodule: GameCompanion.py
2026-02-02 10:49:23,862 - root - INFO - Logging initialized.
2026-02-02 10:49:27,186 - root - INFO - Launching submodule: MissionBuilder.py
2026-02-02 10:50:16,441 - root - INFO - Launching submodule: MissionBuilder.py
2026-02-02 10:50:19,775 - root - INFO - Launching submodule: GameCompanion.py
2026-02-02 10:52:36,576 - root - INFO - Logging initialized.
2026-02-02 10:52:38,317 - root - INFO - Launching submodule: MissionBuilder.py
2026-02-02 10:53:20,075 - root - INFO - Launching submodule: GameCompanion.py
2026-02-02 10:55:22,870 - root - INFO - Logging initialized.
2026-02-02 10:55:25,241 - root - INFO - Launching submodule: MissionBuilder.py
2026-02-02 10:56:13,470 - root - INFO - Launching submodule: GameCompanion.py
2026-02-02 11:03:48,084 - root - INFO - Logging initialized.
2026-02-02 11:05:42,737 - root - INFO - Logging initialized.
2026-02-02 11:06:03,652 - root - INFO - Logging initialized.
2026-02-02 11:10:26,136 - root - INFO - Logging initialized.
2026-02-02 11:12:09,273 - root - INFO - Logging initialized.
2026-02-02 11:12:09,473 - root - INFO - Logging initialized.
2026-02-02 11:13:57,432 - root - INFO - Logging initialized.
2026-02-02 11:14:07,699 - root - INFO - Logging initialized.
2026-02-02 11:16:12,354 - root - INFO - Logging initialized.
2026-02-02 11:16:43,349 - root - INFO - Logging initialized.
2026-02-02 11:17:12,522 - root - INFO - Logging initialized.
2026-02-02 11:17:52,079 - root - INFO - Logging initialized.
2026-02-02 11:18:14,902 - root - INFO - Logging initialized.
2026-02-02 11:18:36,318 - root - INFO - Logging initialized.
2026-02-02 11:18:52,407 - root - INFO - Launching submodule: GameCompanion.py
2026-02-02 11:22:34,104 - root - INFO - Logging initialized.
2026-02-02 11:33:20,167 - root - INFO - Logging initialized.
2026-02-02 11:33:23,074 - root - INFO - Launching submodule: GameCompanion.py
2026-02-02 11:33:36,521 - root - INFO - Launching submodule: MissionBuilder.py
2026-02-02 11:34:33,677 - root - INFO - Launching submodule: GameCompanion.py
2026-02-02 11:36:25,203 - root - INFO - Logging initialized.
2026-02-02 11:36:27,968 - root - INFO - Launching submodule: GameCompanion.py
2026-02-02 12:33:01,836 - root - INFO - Logging initialized.
2026-02-02 12:33:08,739 - root - INFO - Launching submodule: utilities\CustomFactoryMenu.py
2026-02-02 12:35:14,048 - root - INFO - Launching submodule: utilities\ArmeeBuilder.py
2026-02-02 12:36:08,407 - root - INFO - Launching submodule: utilities\MissionBuilder.py
2026-02-02 12:36:46,938 - root - INFO - Launching submodule: utilities\GameCompanion.py
2026-02-02 12:43:18,057 - root - INFO - Logging initialized.
2026-02-02 12:43:20,111 - root - INFO - Launching submodule: utilities\GameCompanion.py
2026-02-02 12:46:07,033 - root - INFO - Logging initialized.
2026-02-02 12:46:11,203 - root - INFO - Launching submodule: utilities\GameCompanion.py
2026-02-02 12:50:17,777 - root - INFO - Logging initialized.
2026-02-02 12:50:22,336 - root - INFO - Launching submodule: utilities\GameCompanion.py
2026-02-02 12:52:49,742 - root - INFO - Logging initialized.
2026-02-02 13:10:16,153 - root - INFO - Logging initialized.
2026-02-02 13:10:17,935 - root - INFO - Launching submodule: utilities\GameCompanion.py
2026-02-02 13:12:03,342 - root - INFO - Logging initialized.
2026-02-02 13:30:32,168 - root - INFO - Logging initialized.
2026-02-02 15:41:01,309 - root - INFO - Enhanced logging initialized with exception capture.
2026-02-02 15:41:01,320 - PIL.PngImagePlugin - DEBUG - STREAM b'IHDR' 16 13
2026-02-02 15:41:01,321 - PIL.PngImagePlugin - DEBUG - STREAM b'tEXt' 41 25
2026-02-02 15:41:01,321 - PIL.PngImagePlugin - DEBUG - STREAM b'iTXt' 78 902
2026-02-02 15:41:01,321 - PIL.PngImagePlugin - DEBUG - STREAM b'IDAT' 992 407023
2026-02-02 15:41:01,408 - PIL.PngImagePlugin - DEBUG - STREAM b'IHDR' 16 13
2026-02-02 15:41:01,408 - PIL.PngImagePlugin - DEBUG - STREAM b'tEXt' 41 25
2026-02-02 15:41:01,408 - PIL.PngImagePlugin - DEBUG - STREAM b'iTXt' 78 902
2026-02-02 15:41:01,408 - PIL.PngImagePlugin - DEBUG - STREAM b'IDAT' 992 407023
2026-02-02 15:41:31,499 - root - INFO - Launching submodule: utilities\CustomFactoryMenu.py
2026-02-02 15:41:31,499 - root - INFO - Execution mode - frozen: False, MEIPASS: False
2026-02-02 15:41:31,499 - root - INFO - Attempting direct module import for: utilities/CustomFactoryMenu.py
2026-02-02 15:41:31,499 - root - INFO - Importing CustomFactoryMenu module
2026-02-02 15:41:31,499 - root - INFO - CustomFactoryMenu import successful
2026-02-02 15:41:31,501 - root - INFO - CustomFactoryMenu instance created successfully
2026-02-02 15:41:32,312 - root - INFO - CustomFactory launching: utilities\CustomUnitCreator.py
2026-02-02 15:41:32,312 - root - INFO - Debug: sys.frozen = False, has _MEIPASS = False, is_exe = False
2026-02-02 15:41:32,313 - root - INFO - Executing subprocess command: ['C:\\Users\\devil\\AppData\\Local\\Microsoft\\WindowsApps\\PythonSoftwareFoundation.Python.3.11_qbz5n2kfra8p0\\python.exe', 'utilities\\CustomUnitCreator.py']
2026-02-02 15:41:34,409 - root - INFO - CustomFactory launching: utilities\CustomUnitCreator.py
2026-02-02 15:41:34,409 - root - INFO - Debug: sys.frozen = False, has _MEIPASS = False, is_exe = False
2026-02-02 15:41:34,409 - root - INFO - Executing subprocess command: ['C:\\Users\\devil\\AppData\\Local\\Microsoft\\WindowsApps\\PythonSoftwareFoundation.Python.3.11_qbz5n2kfra8p0\\python.exe', 'utilities\\CustomUnitCreator.py']
2026-02-02 15:42:16,436 - root - INFO - Enhanced logging initialized with exception capture.
2026-02-02 15:42:16,446 - PIL.PngImagePlugin - DEBUG - STREAM b'IHDR' 16 13
2026-02-02 15:42:16,446 - PIL.PngImagePlugin - DEBUG - STREAM b'tEXt' 41 25
2026-02-02 15:42:16,447 - PIL.PngImagePlugin - DEBUG - STREAM b'iTXt' 78 902
2026-02-02 15:42:16,447 - PIL.PngImagePlugin - DEBUG - STREAM b'IDAT' 992 407023
2026-02-02 15:42:16,530 - PIL.PngImagePlugin - DEBUG - STREAM b'IHDR' 16 13
2026-02-02 15:42:16,530 - PIL.PngImagePlugin - DEBUG - STREAM b'tEXt' 41 25
2026-02-02 15:42:16,530 - PIL.PngImagePlugin - DEBUG - STREAM b'iTXt' 78 902
2026-02-02 15:42:16,530 - PIL.PngImagePlugin - DEBUG - STREAM b'IDAT' 992 407023
2026-02-02 15:42:17,744 - root - INFO - Launching submodule: utilities\CustomFactoryMenu.py
2026-02-02 15:42:17,744 - root - INFO - Execution mode - frozen: False, MEIPASS: False
2026-02-02 15:42:17,744 - root - INFO - Attempting direct module import for: utilities/CustomFactoryMenu.py
2026-02-02 15:42:17,744 - root - INFO - Importing CustomFactoryMenu module
2026-02-02 15:42:17,745 - root - INFO - CustomFactoryMenu import successful
2026-02-02 15:42:17,746 - root - INFO - CustomFactoryMenu instance created successfully
2026-02-02 15:42:18,526 - root - INFO - CustomFactory launching: utilities\CustomUnitCreator.py
2026-02-02 15:42:18,526 - root - INFO - Debug: sys.frozen = False, has _MEIPASS = False, is_exe = False
2026-02-02 15:42:18,526 - root - INFO - Executing subprocess command: ['C:\\Users\\devil\\AppData\\Local\\Microsoft\\WindowsApps\\PythonSoftwareFoundation.Python.3.11_qbz5n2kfra8p0\\python.exe', 'utilities\\CustomUnitCreator.py']
2026-02-02 15:42:21,506 - root - INFO - CustomFactory launching: utilities\CustomCommandCardCreator.py
2026-02-02 15:42:21,506 - root - INFO - Debug: sys.frozen = False, has _MEIPASS = False, is_exe = False
2026-02-02 15:42:21,507 - root - INFO - Executing subprocess command: ['C:\\Users\\devil\\AppData\\Local\\Microsoft\\WindowsApps\\PythonSoftwareFoundation.Python.3.11_qbz5n2kfra8p0\\python.exe', 'utilities\\CustomCommandCardCreator.py']
2026-02-02 15:42:22,628 - root - INFO - CustomFactory launching: utilities\CustomUpgradeCreator.py
2026-02-02 15:42:22,628 - root - INFO - Debug: sys.frozen = False, has _MEIPASS = False, is_exe = False
2026-02-02 15:42:22,629 - root - INFO - Executing subprocess command: ['C:\\Users\\devil\\AppData\\Local\\Microsoft\\WindowsApps\\PythonSoftwareFoundation.Python.3.11_qbz5n2kfra8p0\\python.exe', 'utilities\\CustomUpgradeCreator.py']
2026-02-02 15:42:23,219 - root - INFO - CustomFactory launching: utilities\CustomBattleCardCreator.py
2026-02-02 15:42:23,219 - root - INFO - Debug: sys.frozen = False, has _MEIPASS = False, is_exe = False
2026-02-02 15:42:23,220 - root - INFO - Executing subprocess command: ['C:\\Users\\devil\\AppData\\Local\\Microsoft\\WindowsApps\\PythonSoftwareFoundation.Python.3.11_qbz5n2kfra8p0\\python.exe', 'utilities\\CustomBattleCardCreator.py']
2026-02-02 15:42:23,724 - root - INFO - CustomFactory launching: utilities\BattlefieldMapCreator.py
2026-02-02 15:42:23,724 - root - INFO - Debug: sys.frozen = False, has _MEIPASS = False, is_exe = False
2026-02-02 15:42:23,725 - root - INFO - Executing subprocess command: ['C:\\Users\\devil\\AppData\\Local\\Microsoft\\WindowsApps\\PythonSoftwareFoundation.Python.3.11_qbz5n2kfra8p0\\python.exe', 'utilities\\BattlefieldMapCreator.py']
2026-02-02 15:42:26,308 - root - INFO - CustomFactory launching: utilities\CardPrinter.py
2026-02-02 15:42:26,308 - root - INFO - Debug: sys.frozen = False, has _MEIPASS = False, is_exe = False
2026-02-02 15:42:26,309 - root - INFO - Executing subprocess command: ['C:\\Users\\devil\\AppData\\Local\\Microsoft\\WindowsApps\\PythonSoftwareFoundation.Python.3.11_qbz5n2kfra8p0\\python.exe', 'utilities\\CardPrinter.py']
2026-02-02 15:42:29,329 - root - INFO - Launching submodule: utilities\ArmeeBuilder.py
2026-02-02 15:42:29,330 - root - INFO - Execution mode - frozen: False, MEIPASS: False
2026-02-02 15:42:29,330 - root - INFO - Attempting direct module import for: utilities/ArmeeBuilder.py
2026-02-02 15:42:29,330 - root - INFO - Importing ArmeeBuilder module
2026-02-02 15:42:29,330 - root - INFO - ArmeeBuilder import successful
2026-02-02 15:42:29,330 - root - INFO - Initializing LegionDatabase...
2026-02-02 15:42:29,331 - root - INFO - Loading catalog.json...
2026-02-02 15:42:29,332 - root - INFO - Loading internal legacy units...
2026-02-02 15:42:29,332 - root - INFO - Loading custom units...
2026-02-02 15:42:29,333 - root - INFO - Loading custom upgrades...
2026-02-02 15:42:29,333 - root - INFO - Loading custom battle cards...
2026-02-02 15:42:29,333 - root - INFO - ArmeeBuilder initialized.
2026-02-02 15:42:29,510 - root - INFO - ArmeeBuilder instance created successfully
2026-02-02 15:42:32,103 - root - INFO - Launching submodule: utilities\MissionBuilder.py
2026-02-02 15:42:32,104 - root - INFO - Execution mode - frozen: False, MEIPASS: False
2026-02-02 15:42:32,104 - root - INFO - Attempting direct module import for: utilities/MissionBuilder.py
2026-02-02 15:42:32,104 - root - INFO - Importing MissionBuilder module
2026-02-02 15:42:32,104 - root - INFO - MissionBuilder import successful
2026-02-02 15:42:32,105 - PIL.PngImagePlugin - DEBUG - STREAM b'IHDR' 16 13
2026-02-02 15:42:32,105 - PIL.PngImagePlugin - DEBUG - STREAM b'tEXt' 41 25
2026-02-02 15:42:32,105 - PIL.PngImagePlugin - DEBUG - STREAM b'iTXt' 78 902
2026-02-02 15:42:32,105 - PIL.PngImagePlugin - DEBUG - STREAM b'IDAT' 992 407023
2026-02-02 15:42:32,173 - root - INFO - Initializing LegionDatabase...
2026-02-02 15:42:32,174 - root - INFO - Loading catalog.json...
2026-02-02 15:42:32,176 - root - INFO - Loading internal legacy units...
2026-02-02 15:42:32,177 - root - INFO - Loading custom units...
2026-02-02 15:42:32,178 - root - INFO - Loading custom upgrades...
2026-02-02 15:42:32,178 - root - INFO - Loading custom battle cards...
2026-02-02 15:42:32,217 - root - INFO - MissionBuilder instance created successfully
2026-02-02 15:42:35,345 - root - INFO - Launching submodule: utilities\GameCompanion.py
2026-02-02 15:42:35,345 - root - INFO - Execution mode - frozen: False, MEIPASS: False
2026-02-02 15:42:35,345 - root - INFO - Attempting direct module import for: utilities/GameCompanion.py
2026-02-02 15:42:35,345 - root - INFO - Importing GameCompanion module
2026-02-02 15:42:35,345 - root - INFO - GameCompanion import successful
2026-02-02 15:42:35,345 - root - INFO - Initializing LegionDatabase...
2026-02-02 15:42:35,346 - root - INFO - Loading catalog.json...
2026-02-02 15:42:35,347 - root - INFO - Loading internal legacy units...
2026-02-02 15:42:35,347 - root - INFO - Loading custom units...
2026-02-02 15:42:35,348 - root - INFO - Loading custom upgrades...
2026-02-02 15:42:35,348 - root - INFO - Loading custom battle cards...
2026-02-02 15:42:35,348 - root - INFO - GameCompanion initialized.
2026-02-02 15:42:35,349 - PIL.PngImagePlugin - DEBUG - STREAM b'IHDR' 16 13
2026-02-02 15:42:35,349 - PIL.PngImagePlugin - DEBUG - STREAM b'tEXt' 41 25
2026-02-02 15:42:35,349 - PIL.PngImagePlugin - DEBUG - STREAM b'iTXt' 78 902
2026-02-02 15:42:35,349 - PIL.PngImagePlugin - DEBUG - STREAM b'IDAT' 992 407023
2026-02-02 15:42:35,460 - root - INFO - GameCompanion instance created successfully
2026-02-02 15:42:37,966 - root - INFO - Launching submodule: utilities\GameCompanion.py
2026-02-02 15:42:37,966 - root - INFO - Execution mode - frozen: False, MEIPASS: False
2026-02-02 15:42:37,966 - root - INFO - Attempting direct module import for: utilities/GameCompanion.py
2026-02-02 15:42:37,966 - root - INFO - Importing GameCompanion module
2026-02-02 15:42:37,966 - root - INFO - GameCompanion import successful
2026-02-02 15:42:37,966 - root - INFO - Initializing LegionDatabase...
2026-02-02 15:42:37,966 - root - INFO - Loading catalog.json...
2026-02-02 15:42:37,968 - root - INFO - Loading internal legacy units...
2026-02-02 15:42:37,968 - root - INFO - Loading custom units...
2026-02-02 15:42:37,969 - root - INFO - Loading custom upgrades...
2026-02-02 15:42:37,970 - root - INFO - Loading custom battle cards...
2026-02-02 15:42:37,970 - root - INFO - GameCompanion initialized.
2026-02-02 15:42:37,970 - PIL.PngImagePlugin - DEBUG - STREAM b'IHDR' 16 13
2026-02-02 15:42:37,970 - PIL.PngImagePlugin - DEBUG - STREAM b'tEXt' 41 25
2026-02-02 15:42:37,970 - PIL.PngImagePlugin - DEBUG - STREAM b'iTXt' 78 902
2026-02-02 15:42:37,970 - PIL.PngImagePlugin - DEBUG - STREAM b'IDAT' 992 407023
2026-02-02 15:42:38,054 - root - INFO - GameCompanion instance created successfully
2026-02-02 15:42:46,971 - PIL.PngImagePlugin - DEBUG - STREAM b'IHDR' 16 13
2026-02-02 15:42:46,971 - PIL.PngImagePlugin - DEBUG - STREAM b'tEXt' 41 25
2026-02-02 15:42:46,971 - PIL.PngImagePlugin - DEBUG - STREAM b'iTXt' 78 902
2026-02-02 15:42:46,971 - PIL.PngImagePlugin - DEBUG - STREAM b'IDAT' 992 407023
2026-02-02 15:47:00,372 - root - INFO - Enhanced logging initialized with exception capture.
2026-02-02 15:47:00,380 - PIL.PngImagePlugin - DEBUG - STREAM b'IHDR' 16 13
2026-02-02 15:47:00,380 - PIL.PngImagePlugin - DEBUG - STREAM b'tEXt' 41 25
2026-02-02 15:47:00,380 - PIL.PngImagePlugin - DEBUG - STREAM b'iTXt' 78 902
2026-02-02 15:47:00,380 - PIL.PngImagePlugin - DEBUG - STREAM b'IDAT' 992 407023
2026-02-02 15:47:00,466 - PIL.PngImagePlugin - DEBUG - STREAM b'IHDR' 16 13
2026-02-02 15:47:00,466 - PIL.PngImagePlugin - DEBUG - STREAM b'tEXt' 41 25
2026-02-02 15:47:00,466 - PIL.PngImagePlugin - DEBUG - STREAM b'iTXt' 78 902
2026-02-02 15:47:00,466 - PIL.PngImagePlugin - DEBUG - STREAM b'IDAT' 992 407023
2026-02-02 15:48:32,776 - root - INFO - Enhanced logging initialized with exception capture.
2026-02-02 15:48:32,787 - PIL.PngImagePlugin - DEBUG - STREAM b'IHDR' 16 13
2026-02-02 15:48:32,787 - PIL.PngImagePlugin - DEBUG - STREAM b'tEXt' 41 25
2026-02-02 15:48:32,787 - PIL.PngImagePlugin - DEBUG - STREAM b'iTXt' 78 902
2026-02-02 15:48:32,788 - PIL.PngImagePlugin - DEBUG - STREAM b'IDAT' 992 407023
2026-02-02 15:48:32,874 - PIL.PngImagePlugin - DEBUG - STREAM b'IHDR' 16 13
2026-02-02 15:48:32,874 - PIL.PngImagePlugin - DEBUG - STREAM b'tEXt' 41 25
2026-02-02 15:48:32,874 - PIL.PngImagePlugin - DEBUG - STREAM b'iTXt' 78 902
2026-02-02 15:48:32,874 - PIL.PngImagePlugin - DEBUG - STREAM b'IDAT' 992 407023
2026-02-02 15:48:33,987 - root - INFO - Launching submodule: utilities\CustomFactoryMenu.py
2026-02-02 15:48:33,988 - root - INFO - Execution mode - frozen: False, MEIPASS: False
2026-02-02 15:48:33,988 - root - INFO - Attempting direct module import for: utilities/CustomFactoryMenu.py
2026-02-02 15:48:33,988 - root - INFO - Importing CustomFactoryMenu module
2026-02-02 15:48:33,988 - root - INFO - CustomFactoryMenu import successful
2026-02-02 15:48:33,991 - root - INFO - CustomFactoryMenu instance created successfully
2026-02-02 15:48:34,623 - root - INFO - CustomFactory launching: utilities\CustomUnitCreator.py
2026-02-02 15:48:34,623 - root - INFO - Debug: sys.frozen = False, has _MEIPASS = False, is_exe = False
2026-02-02 15:48:34,623 - root - INFO - Executing subprocess command: ['C:\\Users\\devil\\AppData\\Local\\Microsoft\\WindowsApps\\PythonSoftwareFoundation.Python.3.11_qbz5n2kfra8p0\\python.exe', 'utilities\\CustomUnitCreator.py']
2026-02-02 15:48:41,030 - root - INFO - CustomFactory launching: utilities\CustomCommandCardCreator.py
2026-02-02 15:48:41,030 - root - INFO - Debug: sys.frozen = False, has _MEIPASS = False, is_exe = False
2026-02-02 15:48:41,030 - root - INFO - Executing subprocess command: ['C:\\Users\\devil\\AppData\\Local\\Microsoft\\WindowsApps\\PythonSoftwareFoundation.Python.3.11_qbz5n2kfra8p0\\python.exe', 'utilities\\CustomCommandCardCreator.py']
2026-02-02 15:48:41,832 - root - INFO - CustomFactory launching: utilities\CustomUpgradeCreator.py
2026-02-02 15:48:41,833 - root - INFO - Debug: sys.frozen = False, has _MEIPASS = False, is_exe = False
2026-02-02 15:48:41,833 - root - INFO - Executing subprocess command: ['C:\\Users\\devil\\AppData\\Local\\Microsoft\\WindowsApps\\PythonSoftwareFoundation.Python.3.11_qbz5n2kfra8p0\\python.exe', 'utilities\\CustomUpgradeCreator.py']
2026-02-02 15:48:42,236 - root - INFO - CustomFactory launching: utilities\CustomBattleCardCreator.py
2026-02-02 15:48:42,236 - root - INFO - Debug: sys.frozen = False, has _MEIPASS = False, is_exe = False
2026-02-02 15:48:42,236 - root - INFO - Executing subprocess command: ['C:\\Users\\devil\\AppData\\Local\\Microsoft\\WindowsApps\\PythonSoftwareFoundation.Python.3.11_qbz5n2kfra8p0\\python.exe', 'utilities\\CustomBattleCardCreator.py']
2026-02-02 15:48:42,599 - root - INFO - CustomFactory launching: utilities\BattlefieldMapCreator.py
2026-02-02 15:48:42,599 - root - INFO - Debug: sys.frozen = False, has _MEIPASS = False, is_exe = False
2026-02-02 15:48:42,599 - root - INFO - Executing subprocess command: ['C:\\Users\\devil\\AppData\\Local\\Microsoft\\WindowsApps\\PythonSoftwareFoundation.Python.3.11_qbz5n2kfra8p0\\python.exe', 'utilities\\BattlefieldMapCreator.py']
2026-02-02 15:48:42,889 - root - INFO - CustomFactory launching: utilities\CardPrinter.py
2026-02-02 15:48:42,889 - root - INFO - Debug: sys.frozen = False, has _MEIPASS = False, is_exe = False
2026-02-02 15:48:42,890 - root - INFO - Executing subprocess command: ['C:\\Users\\devil\\AppData\\Local\\Microsoft\\WindowsApps\\PythonSoftwareFoundation.Python.3.11_qbz5n2kfra8p0\\python.exe', 'utilities\\CardPrinter.py']
2026-02-02 15:48:46,202 - root - INFO - Launching submodule: utilities\ArmeeBuilder.py
2026-02-02 15:48:46,202 - root - INFO - Execution mode - frozen: False, MEIPASS: False
2026-02-02 15:48:46,202 - root - INFO - Attempting direct module import for: utilities/ArmeeBuilder.py
2026-02-02 15:48:46,202 - root - INFO - Importing ArmeeBuilder module
2026-02-02 15:48:46,202 - root - INFO - ArmeeBuilder import successful
2026-02-02 15:48:46,202 - root - INFO - Initializing LegionDatabase...
2026-02-02 15:48:46,202 - root - INFO - Loading catalog.json...
2026-02-02 15:48:46,205 - root - INFO - Loading internal legacy units...
2026-02-02 15:48:46,205 - root - INFO - Loading custom units...
2026-02-02 15:48:46,206 - root - INFO - Loading custom upgrades...
2026-02-02 15:48:46,206 - root - INFO - Loading custom battle cards...
2026-02-02 15:48:46,206 - root - INFO - ArmeeBuilder initialized.
2026-02-02 15:48:46,207 - root - INFO - Using writable directory for armies: C:\Users\devil\SWLegion\SWLegion\Armeen
2026-02-02 15:48:46,388 - root - INFO - ArmeeBuilder instance created successfully
2026-02-02 15:48:52,968 - root - INFO - Launching submodule: utilities\MissionBuilder.py
2026-02-02 15:48:52,968 - root - INFO - Execution mode - frozen: False, MEIPASS: False
2026-02-02 15:48:52,968 - root - INFO - Attempting direct module import for: utilities/MissionBuilder.py
2026-02-02 15:48:52,968 - root - INFO - Importing MissionBuilder module
2026-02-02 15:48:52,968 - root - INFO - MissionBuilder import successful
2026-02-02 15:48:52,969 - PIL.PngImagePlugin - DEBUG - STREAM b'IHDR' 16 13
2026-02-02 15:48:52,969 - PIL.PngImagePlugin - DEBUG - STREAM b'tEXt' 41 25
2026-02-02 15:48:52,969 - PIL.PngImagePlugin - DEBUG - STREAM b'iTXt' 78 902
2026-02-02 15:48:52,969 - PIL.PngImagePlugin - DEBUG - STREAM b'IDAT' 992 407023
2026-02-02 15:48:53,035 - root - INFO - Initializing LegionDatabase...
2026-02-02 15:48:53,036 - root - INFO - Loading catalog.json...
2026-02-02 15:48:53,038 - root - INFO - Loading internal legacy units...
2026-02-02 15:48:53,038 - root - INFO - Loading custom units...
2026-02-02 15:48:53,039 - root - INFO - Loading custom upgrades...
2026-02-02 15:48:53,039 - root - INFO - Loading custom battle cards...
2026-02-02 15:48:53,075 - root - INFO - MissionBuilder instance created successfully
2026-02-02 15:49:25,048 - root - INFO - Enhanced logging initialized with exception capture.
2026-02-02 15:49:25,057 - PIL.PngImagePlugin - DEBUG - STREAM b'IHDR' 16 13
2026-02-02 15:49:25,057 - PIL.PngImagePlugin - DEBUG - STREAM b'tEXt' 41 25
2026-02-02 15:49:25,057 - PIL.PngImagePlugin - DEBUG - STREAM b'iTXt' 78 902
2026-02-02 15:49:25,058 - PIL.PngImagePlugin - DEBUG - STREAM b'IDAT' 992 407023
2026-02-02 15:49:25,142 - PIL.PngImagePlugin - DEBUG - STREAM b'IHDR' 16 13
2026-02-02 15:49:25,142 - PIL.PngImagePlugin - DEBUG - STREAM b'tEXt' 41 25
2026-02-02 15:49:25,142 - PIL.PngImagePlugin - DEBUG - STREAM b'iTXt' 78 902
2026-02-02 15:49:25,142 - PIL.PngImagePlugin - DEBUG - STREAM b'IDAT' 992 407023
2026-02-02 15:49:50,546 - root - INFO - Launching submodule: utilities\CustomFactoryMenu.py
2026-02-02 15:49:50,546 - root - INFO - Execution mode - frozen: False, MEIPASS: False
2026-02-02 15:49:50,546 - root - INFO - Attempting direct module import for: utilities/CustomFactoryMenu.py
2026-02-02 15:49:50,546 - root - INFO - Importing CustomFactoryMenu module
2026-02-02 15:49:50,547 - root - INFO - CustomFactoryMenu import successful
2026-02-02 15:49:50,549 - root - INFO - CustomFactoryMenu instance created successfully
2026-02-02 15:49:51,262 - root - INFO - CustomFactory launching: utilities\CustomUnitCreator.py
2026-02-02 15:49:51,262 - root - INFO - Debug: sys.frozen = False, has _MEIPASS = False, is_exe = False
2026-02-02 15:49:51,263 - root - INFO - Executing subprocess command: ['C:\\Users\\devil\\AppData\\Local\\Microsoft\\WindowsApps\\PythonSoftwareFoundation.Python.3.11_qbz5n2kfra8p0\\python.exe', 'utilities\\CustomUnitCreator.py']
2026-02-02 15:49:54,817 - root - INFO - CustomFactory launching: utilities\CustomCommandCardCreator.py
2026-02-02 15:49:54,817 - root - INFO - Debug: sys.frozen = False, has _MEIPASS = False, is_exe = False
2026-02-02 15:49:54,818 - root - INFO - Executing subprocess command: ['C:\\Users\\devil\\AppData\\Local\\Microsoft\\WindowsApps\\PythonSoftwareFoundation.Python.3.11_qbz5n2kfra8p0\\python.exe', 'utilities\\CustomCommandCardCreator.py']
2026-02-02 15:50:07,418 - root - INFO - CustomFactory launching: utilities\CustomBattleCardCreator.py
2026-02-02 15:50:07,418 - root - INFO - Debug: sys.frozen = False, has _MEIPASS = False, is_exe = False
2026-02-02 15:50:07,418 - root - INFO - Executing subprocess command: ['C:\\Users\\devil\\AppData\\Local\\Microsoft\\WindowsApps\\PythonSoftwareFoundation.Python.3.11_qbz5n2kfra8p0\\python.exe', 'utilities\\CustomBattleCardCreator.py']
